[[24508046159932697 37816356022285959 9001051167381498 -5458915898014744 41944687281359543 -38447536045034162 8583665492481505 16273894344578592 4697377863533216 -56298174459827455 -19748183084745082 -2558970726659929 16934496997772478 -18120847300225580 33904078458754269 -3864048200308397 -43021105814106357 0 0 6145872259158051 ]
[1126430562302441 28163086310271927 9314247995058202 -11300031165905816 -28273355520377113 25525859914855342 13631240378681649 -6510342763061216 43629823565722784 -21241602584962991 6491603128628838 16964081738123223 -52250712609567202 -23802083164328940 -54240502493019411 3608006113270339 43018719270019451 0 0 -6145531324288493 ]
[35146470699648938 10280403809356438 -57632627803517276 8033010383970960 69455317495602550 13591259642622892 -11563999888046854 -30020543940426944 -17399270901311424 9911783041519162 29965381265033820 -48118758733453866 7009597986292492 -9093970905386488 16951468250270226 -1932031288963890 -21510552974059394 0 0 3072936139151342 ]
[28504859906493802 -31490303918940970 22454645849032740 -24303855886088048 -17113470459698250 1965444716202028 -3678851625535302 9062276746148672 68895706110652480 -22041680974431750 50476565206528220 10218776560168982 -5576940672697460 -14393174767358712 15654274377862866 -26940023008101362 -53982467140208194 0 0 7711781020029742 ]
[13970056845562280 -220759218415784 48405439636682896 -1701014396632512 -103703944878034216 39145576019486896 -15605629098254616 -4845591452619520 -49451199362547456 -19045925968698392 55252390467480432 26337117000590424 7243610232485424 3841788286886944 14859287958751048 -14328567531772872 -133555223332104 0 0 19079317618872 ]
[-17753648018944630 -12492419778367306 -24474496475551388 -7409189260243568 59919256242646422 6866947936516076 -20075271068616230 -25182876377227456 914522410312768 39091891515309850 -33519101125058660 -9571179510618122 -19434750343952052 -81988265256318072 20641438993767282 50243201589257582 64945946211201566 0 0 -9277992315885938 ]
[1424012512677485 -19244850480717 25732467798452546 92899905404328200 -1355462320663645 18143549390796966 21146368804438485 -11362630354297696 -8104614661524704 -32518374233183883 4412326659956542 -17087304335637933 8504345545625302 -19649314103320092 47464963242984193 -43200622676719377 -75626575345502713 0 0 10803796477928959 ]
[26672554604410910 -41237441383681374 23832526976128812 46971184906491056 -390941498764990 53975107407349956 41653174691854606 24618523659800000 -73165845781816128 -16924984922097458 -15502654261820460 -19765971650410398 -11710845597023004 -18520704978753384 -34732014962495530 14078363538750154 131223095567578 0 0 -18746156509654 ]
[41637390550032395 -57409177542376747 -50244983412277394 13124082778286520 25238359205577573 4323545640291946 -8118762253983645 15833790931491424 28636577192951776 13350325413541827 4290158178001938 56480660886294837 -36695309539587910 47660487677401212 -73055673030835625 23820595742604345 -42763059865237663 0 0 6109008552176809 ]
[-19640408039321583 -23203329823633777 12281863903989162 37747793845549736 -15473687381240513 -5479154613202082 23867738898829465 33210989778656544 23741038457980320 -234384513878855 39033406034506966 -83191137481586769 15778012421894990 16442608057981492 -77208994730110795 34244313003593723 -10427084342507021 0 0 1489583477501003 ]
[-3520657876336884 10452132875835508 -90795235793776008 26749209337493984 44411262701761716 -12598024971105304 -34087634784372884 52475634700838272 -16094562023904384 46004624337121516 -13602462800548984 18750729470266868 -31582509318887640 -21453863726739600 45019261309130684 -7763746303247228 -10818637491838428 0 0 1545519641691204 ]
[32069750336484049 27725058156880847 -30636234432976598 -15123624727582552 25679617387957887 -58451714295583266 -28811029436429991 1239593034183968 -45341398439887456 65598286833976697 10654957629323606 36278631182529775 -54119537644822066 27804065506638132 1987161337005685 -33045924260561349 31930799103754803 0 0 -4561542729107829 ]
[4810833604596745 -8594963912415849 12080732800945498 -33061231583110808 14852956586380999 -26437691478708370 6061280173945937 -29033725507107808 -5610924754392928 46797556470417265 -28228930381815514 -8021412785527369 72871558135875550 -2773863269428588 -57197656584089203 -44015819383627357 74813639134554075 0 0 -10687662733507725 ]
[-21093208600910142 14800030747949694 -36843363861693036 841742865006160 65897943312430558 -75524179649738372 -24360767727297326 15826517904879168 33376152183836480 -30879851998283502 73471911030921068 17603317137907902 16228764508241756 29021347191833832 -48409811086131574 -29640796460044074 -276279061545018 0 0 39468437363574 ]
[76803240189760550 11798629424036762 -19254118107605124 -49793445712235024 28418557082269626 58078022505835700 -51035481726339754 45971645739296448 52035044225300928 2952858071434774 -13373475296356476 4061468724136538 -31439715890270124 7281735191851064 -45157833506435330 -40075861931964126 -32612360359876878 0 0 4658908622839554 ]
[-27671322513340081 27640794651210769 26909890355761174 12133959953087576 -68694005937193119 -1078242715678238 31107274407924679 -1557942194082080 -39641381387635104 28396246889831335 46957031368301930 54750222634583793 14440505222509554 -33467388839865012 -71919840361237973 25980351938789157 -21250384288847315 0 0 3035769184121045 ]
[43270619004947399 -42179983948129127 -17191980059541306 -15051471279382760 29790084927996521 31714945661577458 8835647504230911 -31117924751153696 16537753809234272 42662661225033951 6189465667918010 8518636741903993 12095037159072642 -22846615469367380 -33057810879669373 97424302844125261 25470990936908693 0 0 161064359095705469 ]
[-42704526206483587 -7424372876743005 -55374284107772958 -58569341414628472 -86870807142370413 -35838723948771706 -97851322465755291 -89206966769619296 -53093036186153696 -103771472578688763 -30323390589770594 -66341408943617725 -76119088481739850 -49523265242868444 -100265994961857967 -63867164841622369 -118804295617334985 0 0 16972042231047855 ]
[0 0 0 0 0 0 0 0 0 0 0 0 0 0 0 0 0 1152921504606846976 0 0 ]
[0 0 0 0 0 0 0 0 0 0 0 0 0 0 0 0 0 0 1152921504606846976 0 ]
]
