[[103469 55049 14622 -23090 -144621 80660 66826 -138040 -14280 -1190 0 0 0 0 0 0 0 0 0 595 ]
[-103655 5637 58470 70742 -8409 129348 -18910 -148824 56920 -82638 0 0 0 0 0 0 0 0 0 41319 ]
[-142879 130093 48022 -95482 -112033 15204 107314 16360 74008 -81214 0 0 0 0 0 0 0 0 0 40607 ]
[31474 -42550 -89780 54572 18830 126344 -226876 115536 11952 996 0 0 0 0 0 0 0 0 0 -498 ]
[-85849 25275 -4582 41514 62745 196028 -39586 27480 -214104 -17842 0 0 0 0 0 0 0 0 0 8921 ]
[118652 -230836 52136 -90648 -32892 36464 45368 -10144 107424 8952 0 0 0 0 0 0 0 0 0 -4476 ]
[3222 132638 -149916 -182780 12522 49048 -18228 -36880 140816 99116 0 0 0 0 0 0 0 0 0 -49558 ]
[-202960 12656 166432 7968 -23344 -18752 25440 -15488 -37760 171616 0 0 0 0 0 0 0 0 0 -85808 ]
[-128612 -104980 -28056 -232792 -111260 13040 -117896 -129696 -158048 -100552 0 0 0 0 0 0 0 0 0 50276 ]
[144880 164144 163488 -112736 67088 -58944 -183072 8576 -143744 -99360 0 0 0 0 0 0 0 0 0 49680 ]
[-75917 -182249 -119134 -67598 -52915 65388 -128970 -56264 -78136 343014 0 0 0 0 0 0 0 0 0 352781 ]
[0 0 0 0 0 0 0 0 0 0 1048576 0 0 0 0 0 0 0 0 0 ]
[0 0 0 0 0 0 0 0 0 0 0 1048576 0 0 0 0 0 0 0 0 ]
[0 0 0 0 0 0 0 0 0 0 0 0 1048576 0 0 0 0 0 0 0 ]
[0 0 0 0 0 0 0 0 0 0 0 0 0 1048576 0 0 0 0 0 0 ]
[0 0 0 0 0 0 0 0 0 0 0 0 0 0 1048576 0 0 0 0 0 ]
[0 0 0 0 0 0 0 0 0 0 0 0 0 0 0 1048576 0 0 0 0 ]
[0 0 0 0 0 0 0 0 0 0 0 0 0 0 0 0 1048576 0 0 0 ]
[0 0 0 0 0 0 0 0 0 0 0 0 0 0 0 0 0 1048576 0 0 ]
[0 0 0 0 0 0 0 0 0 0 0 0 0 0 0 0 0 0 1048576 0 ]
]
