[[1644455728 -14174946224 93844649136 31189137648 16399394820 52239722024 -15374574108 -16520898848 -33653722224 -4091442676 -113723537188 -22969945204 39808304676 -21924896340 0 0 0 0 0 7308298780 ]
[74311565716 -34594941812 81918980404 -74545855324 -31290456633 87104819270 -64960453105 -30292870648 -23973908164 -2810912555 11477250497 -17700888203 39972010111 -21921509331 0 0 0 0 0 7307169777 ]
[29478165232 8914022032 -3306252688 -78785749072 -46545765548 30007811912 31315381940 56612784224 2148820688 -4457583620 -110882885876 -17833462916 101928799220 2108871708 0 0 0 0 0 -702957236 ]
[-72171976648 -127733671288 79584979960 41373256088 58429417530 32496693572 75779265898 14549887920 -10958447704 -29287490130 -15379293066 -11682506898 -34523923190 -714288066 0 0 0 0 0 238096022 ]
[1358981564 -53872959324 3391103132 -63438113044 -9608895723 32227787346 4204975597 42118017048 92304663220 -91180992577 -13455170173 -46710152801 41426643261 91851168711 0 0 0 0 0 -30617056237 ]
[-62351967064 -13582742632 -11098863640 -44073348920 130733374382 -69101801012 43119176510 11136281360 -7739359496 -37902736886 2503342690 -10801025206 8381354526 91167473082 0 0 0 0 0 -30389157694 ]
[-59176911564 63126036972 -58583080492 3749143748 23791614271 -19523262730 -55885983289 -49586548664 16574343196 -62285670595 111518359689 -25527348003 95328750519 24720835413 0 0 0 0 0 -8240278471 ]
[-1396502744 4459003160 3693629032 -105745447608 -5173756786 83664210572 56061064478 -85845136368 -18210355592 35952088234 27899521666 71649179114 -66095830530 -1367499942 0 0 0 0 0 455833314 ]
[130897348412 13810728740 -86522508772 1697100396 -11251636683 61376680338 23751995405 -78578987240 -6193304780 8654278943 44683546979 1751607039 -42823469731 -91880068569 0 0 0 0 0 30626689523 ]
[39672942828 43670379764 -10969017012 -42089254948 42005134105 -33437071238 7546905553 -49257675016 42136704580 44699226571 -38312821153 -136544115413 104601558881 -20584346253 0 0 0 0 0 6861448751 ]
[10014378396 106657457092 -3822008452 -75685910452 -46846712515 50244776930 -38801546539 87728899288 -27964314028 -36338027977 -269108197 -15934637289 -53739050843 67133706879 0 0 0 0 0 -22377902293 ]
[24875237552 16676028112 20888861232 -62894497680 27011067940 -70315251864 97118409988 5341285856 23736332304 -101840850324 -28792289348 80298584044 -31666143420 -655161588 0 0 0 0 0 218387196 ]
[-76317071372 45415871788 -61607824748 41958436484 41968998351 2798284950 -110203431977 32603051976 96034480220 16297966317 13068382585 59989741197 -100619036985 -2081773179 0 0 0 0 0 693924393 ]
[-136617689724 -86777509348 -118882717532 -56882874028 -132431063077 -82192207090 -19984927357 -110152770456 -2544510196 -34196393711 -83436665843 -93925293775 -139562012365 -2887489911 0 0 0 0 0 962496637 ]
[-12360298872 -72833995592 -14439026488 5155494952 -25230471338 29153137244 -36108288602 -80954453040 -18140667752 -58314469118 191533946 -66243228350 -51061428474 52023428338 0 0 0 0 0 349162733146 ]
[0 0 0 0 0 0 0 0 0 0 0 0 0 0 1099511627776 0 0 0 0 0 ]
[0 0 0 0 0 0 0 0 0 0 0 0 0 0 0 1099511627776 0 0 0 0 ]
[0 0 0 0 0 0 0 0 0 0 0 0 0 0 0 0 1099511627776 0 0 0 ]
[0 0 0 0 0 0 0 0 0 0 0 0 0 0 0 0 0 1099511627776 0 0 ]
[0 0 0 0 0 0 0 0 0 0 0 0 0 0 0 0 0 0 1099511627776 0 ]
]
